./Makefile:19: MINOR:C-G7
./Makefile:29: MAJOR:C-F3
./choco:1: MAJOR:C-O1
./main.c:33: MAJOR:C-F4
./main.c:34: MAJOR:C-F4
./main.c:35: MAJOR:C-F4
./main.c:36: MAJOR:C-F4
./main.c:37: MAJOR:C-F4
./main.c:38: MAJOR:C-F4
./main.c:39: MAJOR:C-F4
./main.c:40: MAJOR:C-F4
./main.c:41: MAJOR:C-F4
./main.c:42: MAJOR:C-F4
./main.c:43: MAJOR:C-F4
./main.c:44: MAJOR:C-F4
./main.c:45: MAJOR:C-F4
./main.c:46: MAJOR:C-F4
./main.c:47: MAJOR:C-F4
./main.c:48: MAJOR:C-F4
./main.c:49: MAJOR:C-F4
./main.c:50: MAJOR:C-F4
./main.c:51: MAJOR:C-F4
./main.c:52: MAJOR:C-F4
./main.c:53: MAJOR:C-F4
./main.c:54: MAJOR:C-F4
./main.c:55: MAJOR:C-F4
./main.c:56: MAJOR:C-F4
./main.c:57: MAJOR:C-F4
./main.c:58: MAJOR:C-F4
./main.c:59: MAJOR:C-F4
./main.c:60: MAJOR:C-F4
./main.c:61: MAJOR:C-F4
./main.c:62: MAJOR:C-F4
./main.c:63: MAJOR:C-F4
./main.c:64: MAJOR:C-F4
./main.c:65: MAJOR:C-F4
./main.c:66: MAJOR:C-F4
./main.c:67: MAJOR:C-F4
./main.c:68: MAJOR:C-F4
./main.c:69: MAJOR:C-F4
./main.c:70: MAJOR:C-F4
./main.c:71: MAJOR:C-F4
./main.c:72: MAJOR:C-F4
./main.c:73: MAJOR:C-F4
./main.c:74: MAJOR:C-F4
./main.c:75: MAJOR:C-F4
./main.c:76: MAJOR:C-F4
./main.c:77: MAJOR:C-F4
./main.c:78: MAJOR:C-F4
./main.c:79: MAJOR:C-F4
./main.c:80: MAJOR:C-F4
./main.c:81: MAJOR:C-F4
./main.c:82: MAJOR:C-F4
./main.c:83: MAJOR:C-F4
./main.c:84: MAJOR:C-F4
./main.c:85: MAJOR:C-F4
./main.c:86: MAJOR:C-F4
./main.c:87: MAJOR:C-F4
./main.c:88: MAJOR:C-F4
./main.c:89: MAJOR:C-F4
./main.c:90: MAJOR:C-F4
./main.c:91: MAJOR:C-F4
./main.c:92: MAJOR:C-F4
./main.c:93: MAJOR:C-F4
./main.c:94: MAJOR:C-F4
./main.c:95: MAJOR:C-F4
./main.c:96: MAJOR:C-F4
./main.c:97: MAJOR:C-F4
./main.c:98: MAJOR:C-F4
./main.c:99: MAJOR:C-F4
./main.c:100: MAJOR:C-F4
./main.c:101: MAJOR:C-F4
./main.c:102: MAJOR:C-F4
./main.c:103: MAJOR:C-F4
./main.c:104: MAJOR:C-F4
./main.c:105: MAJOR:C-F4
./main.c:106: MAJOR:C-F4
./main.c:107: MAJOR:C-F4
./main.c:108: MAJOR:C-F4
./main.c:109: MAJOR:C-F4
./main.c:110: MAJOR:C-F4
./main.c:111: MAJOR:C-F4
./main.c:112: MAJOR:C-F4
./main.c:113: MAJOR:C-F4
./main.c:114: MAJOR:C-F4
./main.c:115: MAJOR:C-F4
./main.c:116: MAJOR:C-F4
./main.c:117: MAJOR:C-F4
./main.c:118: MAJOR:C-F4
./main.c:119: MAJOR:C-F4
./main.c:120: MAJOR:C-F4
./main.c:121: MAJOR:C-F4
./main.c:122: MAJOR:C-F4
./main.c:123: MAJOR:C-F4
./main.c:124: MAJOR:C-F4
./main.c:125: MAJOR:C-F4
./main.c:126: MAJOR:C-F4
./main.c:127: MAJOR:C-F4
./main.c:128: MAJOR:C-F4
./main.c:129: MAJOR:C-F4
./main.c:130: MAJOR:C-F4
./main.c:131: MAJOR:C-F4
./main.c:132: MAJOR:C-F4
./main.c:133: MAJOR:C-F4
./main.c:134: MAJOR:C-F4
./main.c:135: MAJOR:C-F4
./main.c:136: MAJOR:C-F4
./main.c:137: MAJOR:C-F4
./main.c:138: MAJOR:C-F4
./main.c:139: MAJOR:C-F4
./main.c:140: MAJOR:C-F4
./main.c:141: MAJOR:C-F4
./main.c:142: MAJOR:C-F4
./main.c:143: MAJOR:C-F4
./main.c:144: MAJOR:C-F4
./main.c:145: MAJOR:C-F4
./main.c:146: MAJOR:C-F4
./main.c:147: MAJOR:C-F4
./main.c:148: MAJOR:C-F4
./main.c:149: MAJOR:C-F4
./main.c:150: MAJOR:C-F4
./main.c:151: MAJOR:C-F4
./main.c:152: MAJOR:C-F4
./main.c:153: MAJOR:C-F4
./main.c:154: MAJOR:C-F4
./main.c:155: MAJOR:C-F4
./main.c:156: MAJOR:C-F4
./main.c:157: MAJOR:C-F4
./main.c:158: MAJOR:C-F4
./main.c:159: MAJOR:C-F4
./main.c:160: MAJOR:C-F4
./main.c:161: MAJOR:C-F4
./main.c:162: MAJOR:C-F4
./main.c:163: MAJOR:C-F4
./main.c:164: MAJOR:C-F4
./main.c:165: MAJOR:C-F4
./main.c:166: MAJOR:C-F4
./main.c:167: MAJOR:C-F4
./main.c:168: MAJOR:C-F4
./main.c:169: MAJOR:C-F4
./main.c:170: MAJOR:C-F4
./main.c:171: MAJOR:C-F4
./main.c:172: MAJOR:C-F4
./main.c:173: MAJOR:C-F4
./main.c:174: MAJOR:C-F4
./main.c:175: MAJOR:C-F4
./main.c:176: MAJOR:C-F4
./main.c:177: MAJOR:C-F4
./main.c:178: MAJOR:C-F4
./main.c:179: MAJOR:C-F4
./main.c:180: MAJOR:C-F4
./main.c:181: MAJOR:C-F4
./main.c:182: MAJOR:C-F4
./main.c:183: MAJOR:C-F4
./main.c:184: MAJOR:C-F4
./main.c:185: MAJOR:C-F4
./main.c:186: MAJOR:C-F4
./main.c:187: MAJOR:C-F4
./main.c:188: MAJOR:C-F4
./main.c:189: MAJOR:C-F4
./main.c:190: MAJOR:C-F4
./main.c:191: MAJOR:C-F4
./main.c:192: MAJOR:C-F4
./main.c:193: MAJOR:C-F4
./main.c:194: MAJOR:C-F4
./main.c:195: MAJOR:C-F4
./main.c:196: MAJOR:C-F4
./main.c:197: MAJOR:C-F4
./main.c:198: MAJOR:C-F4
./main.c:199: MAJOR:C-F4
./main.c:200: MAJOR:C-F4
./main.c:201: MAJOR:C-F4
./main.c:202: MAJOR:C-F4
./main.c:203: MAJOR:C-F4
./main.c:204: MAJOR:C-F4
./main.c:205: MAJOR:C-F4
./main.c:206: MAJOR:C-F4
./main.c:207: MAJOR:C-F4
./main.c:208: MAJOR:C-F4
./main.c:209: MAJOR:C-F4
./main.c:210: MAJOR:C-F4
./main.c:211: MAJOR:C-F4
./main.c:212: MAJOR:C-F4
./main.c:213: MAJOR:C-F4
./main.c:214: MAJOR:C-F4
./main.c:215: MAJOR:C-F4
./main.c:216: MAJOR:C-F4
./main.c:217: MAJOR:C-F4
./main.c:218: MAJOR:C-F4
./main.c:219: MAJOR:C-F4
./main.c:220: MAJOR:C-F4
./main.c:221: MAJOR:C-F4
./main.c:222: MAJOR:C-F4
./main.c:223: MAJOR:C-F4
./main.c:224: MAJOR:C-F4
./main.c:225: MAJOR:C-F4
./main.c:226: MAJOR:C-F4
./main.c:227: MAJOR:C-F4
./main.c:228: MAJOR:C-F4
./main.c:229: MAJOR:C-F4
./main.c:230: MAJOR:C-F4
./main.c:231: MAJOR:C-F4
./main.c:232: MAJOR:C-F4
./main.c:233: MAJOR:C-F4
./main.c:234: MAJOR:C-F4
./main.c:235: MAJOR:C-F4
./main.c:236: MAJOR:C-F4
./main.c:237: MAJOR:C-F4
./main.c:238: MAJOR:C-F4
./main.c:239: MAJOR:C-F4
./main.c:240: MAJOR:C-F4
./main.c:241: MAJOR:C-F4
./main.c:242: MAJOR:C-F4
./main.c:243: MAJOR:C-F4
./main.c:244: MAJOR:C-F4
./main.c:245: MAJOR:C-F4
./main.c:246: MAJOR:C-F4
./main.c:247: MAJOR:C-F4
./main.c:248: MAJOR:C-F4
./main.c:249: MAJOR:C-F4
./main.c:250: MAJOR:C-F4
./main.c:251: MAJOR:C-F4
./main.c:252: MAJOR:C-F4
./main.c:253: MAJOR:C-F4
./main.c:254: MAJOR:C-F4
./main.c:255: MAJOR:C-F4
./main.c:256: MAJOR:C-F4
./main.c:257: MAJOR:C-F4
./main.c:258: MAJOR:C-F4
./main.c:259: MAJOR:C-F4
./main.c:260: MAJOR:C-F4
./main.c:261: MAJOR:C-F4
./main.c:262: MAJOR:C-F4
./main.c:263: MAJOR:C-F4
./main.c:264: MAJOR:C-F4
./main.c:265: MAJOR:C-F4
./main.c:266: MAJOR:C-F4
./main.c:267: MAJOR:C-F4
./main.c:268: MAJOR:C-F4
./main.c:269: MAJOR:C-F4
./main.c:270: MAJOR:C-F4
./main.c:271: MAJOR:C-F4
./main.c:272: MAJOR:C-F4
./main.c:273: MAJOR:C-F4
./main.c:274: MAJOR:C-F4
./main.c:275: MAJOR:C-F4
./main.c:275: MINOR:C-G7
./main.c:276: MAJOR:C-F4
./main.c:277: INFO:C-A3
./main.o:1: MAJOR:C-O1
./my_putstr.c:21: INFO:C-A3
./my_putstr.o:1: MAJOR:C-O1
./sub_main.c:14: INFO:C-A3
./sub_main.o:1: MAJOR:C-O1
